<?xml version="1.0" encoding="utf-8" standalone="no"?>
<testsuites xmlns:xsi="http://www.w3.org/2001/XMLSchema-instance" xsi:noNamespaceSchemaLocation="junit_schema_4.xsd" name="Pester" tests="160" errors="0" failures="0" disabled="2" time="43.228">
  <testsuite name="/home/tcuong1000/os-twin/.agents/tests/channel/Channel-Negotiation.Tests.ps1" tests="2" errors="0" failures="0" hostname="ostwin-dev" id="0" skipped="2" disabled="0" package="/home/tcuong1000/os-twin/.agents/tests/channel/Channel-Negotiation.Tests.ps1" time="1.905">
    <properties>
      <property name="cwd" value="/home/tcuong1000/os-twin" />
      <property name="os-version" value="6.1.0-44-cloud-amd64" />
      <property name="junit-version" value="4" />
      <property name="clr-version" value="10.0.5" />
      <property name="platform" value="Linux" />
      <property name="user-domain" value="" />
      <property name="user" value="tcuong1000" />
      <property name="machine-name" value="ostwin-dev" />
      <property name="framework-version" value="5.7.1" />
    </properties>
    <testcase name="Channel-Based Plan Negotiation.creates room-000, posts plan-review, and waits for plan-approve" status="Skipped" classname="/home/tcuong1000/os-twin/.agents/tests/channel/Channel-Negotiation.Tests.ps1" assertions="0" time="0.831">
      <skipped message="Exception: is skipped, because plan-review message not found (Start-Plan flow changed)"></skipped>
    </testcase>
    <testcase name="Channel-Based Plan Negotiation.handles plan rejection by looping back" status="Skipped" classname="/home/tcuong1000/os-twin/.agents/tests/channel/Channel-Negotiation.Tests.ps1" assertions="0" time="0.616">
      <skipped message="Exception: is skipped, because plan-review message not found (Start-Plan flow changed)"></skipped>
    </testcase>
  </testsuite>
  <testsuite name="/home/tcuong1000/os-twin/.agents/tests/channel/ChannelCLI.Tests.ps1" tests="7" errors="0" failures="0" hostname="ostwin-dev" id="1" skipped="0" disabled="0" package="/home/tcuong1000/os-twin/.agents/tests/channel/ChannelCLI.Tests.ps1" time="0.849">
    <properties>
      <property name="cwd" value="/home/tcuong1000/os-twin" />
      <property name="os-version" value="6.1.0-44-cloud-amd64" />
      <property name="junit-version" value="4" />
      <property name="clr-version" value="10.0.5" />
      <property name="platform" value="Linux" />
      <property name="user-domain" value="" />
      <property name="user" value="tcuong1000" />
      <property name="machine-name" value="ostwin-dev" />
      <property name="framework-version" value="5.7.1" />
    </properties>
    <testcase name="ostwin channel help and usage.shows channel usage on unknown subcommand" status="Passed" classname="/home/tcuong1000/os-twin/.agents/tests/channel/ChannelCLI.Tests.ps1" assertions="0" time="0.237" />
    <testcase name="ostwin channel help and usage.shows channel in main help text" status="Passed" classname="/home/tcuong1000/os-twin/.agents/tests/channel/ChannelCLI.Tests.ps1" assertions="0" time="0.043" />
    <testcase name="ostwin channel help and usage.does NOT show 'bot' as a separate command in help text" status="Passed" classname="/home/tcuong1000/os-twin/.agents/tests/channel/ChannelCLI.Tests.ps1" assertions="0" time="0.044" />
    <testcase name="ostwin channel help and usage.shows help with --help flag" status="Passed" classname="/home/tcuong1000/os-twin/.agents/tests/channel/ChannelCLI.Tests.ps1" assertions="0" time="0.186" />
    <testcase name="ostwin channel subcommands.list subcommand exists" status="Passed" classname="/home/tcuong1000/os-twin/.agents/tests/channel/ChannelCLI.Tests.ps1" assertions="0" time="0.168" />
    <testcase name="ostwin bot/discord are removed.'ostwin bot' is an unknown command" status="Passed" classname="/home/tcuong1000/os-twin/.agents/tests/channel/ChannelCLI.Tests.ps1" assertions="0" time="0.059" />
    <testcase name="ostwin bot/discord are removed.'ostwin discord' is an unknown command" status="Passed" classname="/home/tcuong1000/os-twin/.agents/tests/channel/ChannelCLI.Tests.ps1" assertions="0" time="0.055" />
  </testsuite>
  <testsuite name="/home/tcuong1000/os-twin/.agents/tests/channel/Post-Message.Tests.ps1" tests="11" errors="0" failures="0" hostname="ostwin-dev" id="2" skipped="0" disabled="0" package="/home/tcuong1000/os-twin/.agents/tests/channel/Post-Message.Tests.ps1" time="4.077">
    <properties>
      <property name="cwd" value="/home/tcuong1000/os-twin" />
      <property name="os-version" value="6.1.0-44-cloud-amd64" />
      <property name="junit-version" value="4" />
      <property name="clr-version" value="10.0.5" />
      <property name="platform" value="Linux" />
      <property name="user-domain" value="" />
      <property name="user" value="tcuong1000" />
      <property name="machine-name" value="ostwin-dev" />
      <property name="framework-version" value="5.7.1" />
    </properties>
    <testcase name="Post-Message.creates channel.jsonl if it doesn't exist" status="Passed" classname="/home/tcuong1000/os-twin/.agents/tests/channel/Post-Message.Tests.ps1" assertions="0" time="0.359" />
    <testcase name="Post-Message.writes valid JSON with all required fields" status="Passed" classname="/home/tcuong1000/os-twin/.agents/tests/channel/Post-Message.Tests.ps1" assertions="0" time="0.301" />
    <testcase name="Post-Message.generates unique message IDs" status="Passed" classname="/home/tcuong1000/os-twin/.agents/tests/channel/Post-Message.Tests.ps1" assertions="0" time="0.505" />
    <testcase name="Post-Message.appends multiple messages to the same file" status="Passed" classname="/home/tcuong1000/os-twin/.agents/tests/channel/Post-Message.Tests.ps1" assertions="0" time="0.759" />
    <testcase name="Post-Message.returns the message ID" status="Passed" classname="/home/tcuong1000/os-twin/.agents/tests/channel/Post-Message.Tests.ps1" assertions="0" time="0.246" />
    <testcase name="Post-Message.truncates body exceeding max size" status="Passed" classname="/home/tcuong1000/os-twin/.agents/tests/channel/Post-Message.Tests.ps1" assertions="0" time="0.262" />
    <testcase name="Post-Message.handles empty body" status="Passed" classname="/home/tcuong1000/os-twin/.agents/tests/channel/Post-Message.Tests.ps1" assertions="0" time="0.249" />
    <testcase name="Post-Message.validates message type with ValidateSet" status="Passed" classname="/home/tcuong1000/os-twin/.agents/tests/channel/Post-Message.Tests.ps1" assertions="0" time="0.027" />
    <testcase name="Post-Message.allows plan-related message types" status="Passed" classname="/home/tcuong1000/os-twin/.agents/tests/channel/Post-Message.Tests.ps1" assertions="0" time="0.730" />
    <testcase name="Post-Message.creates the room directory if it doesn't exist" status="Passed" classname="/home/tcuong1000/os-twin/.agents/tests/channel/Post-Message.Tests.ps1" assertions="0" time="0.254" />
    <testcase name="Post-Message.includes message ID format with from-type prefix" status="Passed" classname="/home/tcuong1000/os-twin/.agents/tests/channel/Post-Message.Tests.ps1" assertions="0" time="0.235" />
  </testsuite>
  <testsuite name="/home/tcuong1000/os-twin/.agents/tests/channel/Read-Messages.Tests.ps1" tests="22" errors="0" failures="0" hostname="ostwin-dev" id="3" skipped="0" disabled="0" package="/home/tcuong1000/os-twin/.agents/tests/channel/Read-Messages.Tests.ps1" time="15.066">
    <properties>
      <property name="cwd" value="/home/tcuong1000/os-twin" />
      <property name="os-version" value="6.1.0-44-cloud-amd64" />
      <property name="junit-version" value="4" />
      <property name="clr-version" value="10.0.5" />
      <property name="platform" value="Linux" />
      <property name="user-domain" value="" />
      <property name="user" value="tcuong1000" />
      <property name="machine-name" value="ostwin-dev" />
      <property name="framework-version" value="5.7.1" />
    </properties>
    <testcase name="Read-Messages.Empty / Missing channel.returns empty JSON array when channel file doesn't exist" status="Passed" classname="/home/tcuong1000/os-twin/.agents/tests/channel/Read-Messages.Tests.ps1" assertions="0" time="0.010" />
    <testcase name="Read-Messages.Empty / Missing channel.returns empty PSObject array with -AsObject when channel doesn't exist" status="Passed" classname="/home/tcuong1000/os-twin/.agents/tests/channel/Read-Messages.Tests.ps1" assertions="0" time="0.009" />
    <testcase name="Read-Messages.Unfiltered reads.returns all messages as JSON" status="Passed" classname="/home/tcuong1000/os-twin/.agents/tests/channel/Read-Messages.Tests.ps1" assertions="0" time="1.065" />
    <testcase name="Read-Messages.Unfiltered reads.returns all messages as objects with -AsObject" status="Passed" classname="/home/tcuong1000/os-twin/.agents/tests/channel/Read-Messages.Tests.ps1" assertions="0" time="0.996" />
    <testcase name="Read-Messages.Filter by type.filters by type 'task'" status="Passed" classname="/home/tcuong1000/os-twin/.agents/tests/channel/Read-Messages.Tests.ps1" assertions="0" time="0.974" />
    <testcase name="Read-Messages.Filter by type.filters by type 'done'" status="Passed" classname="/home/tcuong1000/os-twin/.agents/tests/channel/Read-Messages.Tests.ps1" assertions="0" time="0.969" />
    <testcase name="Read-Messages.Filter by type.filters by type 'pass'" status="Passed" classname="/home/tcuong1000/os-twin/.agents/tests/channel/Read-Messages.Tests.ps1" assertions="0" time="0.893" />
    <testcase name="Read-Messages.Filter by from.filters messages from 'manager'" status="Passed" classname="/home/tcuong1000/os-twin/.agents/tests/channel/Read-Messages.Tests.ps1" assertions="0" time="0.848" />
    <testcase name="Read-Messages.Filter by from.filters messages from 'qa'" status="Passed" classname="/home/tcuong1000/os-twin/.agents/tests/channel/Read-Messages.Tests.ps1" assertions="0" time="0.824" />
    <testcase name="Read-Messages.Filter by ref.filters by TASK-001" status="Passed" classname="/home/tcuong1000/os-twin/.agents/tests/channel/Read-Messages.Tests.ps1" assertions="0" time="0.787" />
    <testcase name="Read-Messages.Filter by ref.filters by TASK-002" status="Passed" classname="/home/tcuong1000/os-twin/.agents/tests/channel/Read-Messages.Tests.ps1" assertions="0" time="0.780" />
    <testcase name="Read-Messages.Combined filters.filters by from=qa and type=pass" status="Passed" classname="/home/tcuong1000/os-twin/.agents/tests/channel/Read-Messages.Tests.ps1" assertions="0" time="0.772" />
    <testcase name="Read-Messages.Combined filters.returns empty when no messages match combined filter" status="Passed" classname="/home/tcuong1000/os-twin/.agents/tests/channel/Read-Messages.Tests.ps1" assertions="0" time="0.782" />
    <testcase name="Read-Messages.Last N.returns only the last 1 message" status="Passed" classname="/home/tcuong1000/os-twin/.agents/tests/channel/Read-Messages.Tests.ps1" assertions="0" time="0.777" />
    <testcase name="Read-Messages.Last N.returns last 2 messages" status="Passed" classname="/home/tcuong1000/os-twin/.agents/tests/channel/Read-Messages.Tests.ps1" assertions="0" time="0.771" />
    <testcase name="Read-Messages.Last N.returns all messages when Last exceeds total" status="Passed" classname="/home/tcuong1000/os-twin/.agents/tests/channel/Read-Messages.Tests.ps1" assertions="0" time="0.774" />
    <testcase name="Read-Messages.Last N.combines Last with type filter" status="Passed" classname="/home/tcuong1000/os-twin/.agents/tests/channel/Read-Messages.Tests.ps1" assertions="0" time="0.767" />
    <testcase name="Read-Messages.After message ID.returns messages after a specific message ID" status="Passed" classname="/home/tcuong1000/os-twin/.agents/tests/channel/Read-Messages.Tests.ps1" assertions="0" time="0.772" />
    <testcase name="Read-Messages.After message ID.returns empty when After ID is the last message" status="Passed" classname="/home/tcuong1000/os-twin/.agents/tests/channel/Read-Messages.Tests.ps1" assertions="0" time="0.760" />
    <testcase name="Read-Messages.Corrupt JSON handling.skips corrupt lines and returns valid messages" status="Passed" classname="/home/tcuong1000/os-twin/.agents/tests/channel/Read-Messages.Tests.ps1" assertions="0" time="0.011" />
    <testcase name="Read-Messages.JSON output format.returns valid JSON array for single message" status="Passed" classname="/home/tcuong1000/os-twin/.agents/tests/channel/Read-Messages.Tests.ps1" assertions="0" time="0.161" />
    <testcase name="Read-Messages.JSON output format.returns valid JSON array for multiple messages" status="Passed" classname="/home/tcuong1000/os-twin/.agents/tests/channel/Read-Messages.Tests.ps1" assertions="0" time="0.310" />
  </testsuite>
  <testsuite name="/home/tcuong1000/os-twin/.agents/tests/channel/RoleCommunication.Tests.ps1" tests="30" errors="0" failures="0" hostname="ostwin-dev" id="4" skipped="0" disabled="0" package="/home/tcuong1000/os-twin/.agents/tests/channel/RoleCommunication.Tests.ps1" time="12.833">
    <properties>
      <property name="cwd" value="/home/tcuong1000/os-twin" />
      <property name="os-version" value="6.1.0-44-cloud-amd64" />
      <property name="junit-version" value="4" />
      <property name="clr-version" value="10.0.5" />
      <property name="platform" value="Linux" />
      <property name="user-domain" value="" />
      <property name="user" value="tcuong1000" />
      <property name="machine-name" value="ostwin-dev" />
      <property name="framework-version" value="5.7.1" />
    </properties>
    <testcase name="Manager → Engineer Communication.Task assignment (initial spawn).manager posts 'task' message before spawning engineer" status="Passed" classname="/home/tcuong1000/os-twin/.agents/tests/channel/RoleCommunication.Tests.ps1" assertions="0" time="0.402" />
    <testcase name="Manager → Engineer Communication.Fix routing (after QA failure).manager posts 'fix' message with QA feedback" status="Passed" classname="/home/tcuong1000/os-twin/.agents/tests/channel/RoleCommunication.Tests.ps1" assertions="0" time="0.660" />
    <testcase name="Manager → Engineer Communication.Fix routing (after QA failure).fix message is the LATEST message engineer reads" status="Passed" classname="/home/tcuong1000/os-twin/.agents/tests/channel/RoleCommunication.Tests.ps1" assertions="0" time="0.779" />
    <testcase name="Manager → Engineer Communication.Timeout recovery message.manager posts fix message on timeout with timeout info" status="Passed" classname="/home/tcuong1000/os-twin/.agents/tests/channel/RoleCommunication.Tests.ps1" assertions="0" time="0.336" />
    <testcase name="Manager → Engineer Communication.Deadlock recovery message.manager posts fix message for deadlock recovery" status="Passed" classname="/home/tcuong1000/os-twin/.agents/tests/channel/RoleCommunication.Tests.ps1" assertions="0" time="0.334" />
    <testcase name="Engineer → Manager Communication.Success reporting.engineer posts 'done' message with summary to manager" status="Passed" classname="/home/tcuong1000/os-twin/.agents/tests/channel/RoleCommunication.Tests.ps1" assertions="0" time="0.335" />
    <testcase name="Engineer → Manager Communication.Error reporting.engineer posts 'error' message on failure" status="Passed" classname="/home/tcuong1000/os-twin/.agents/tests/channel/RoleCommunication.Tests.ps1" assertions="0" time="0.337" />
    <testcase name="Engineer → Manager Communication.Error reporting.engineer posts timeout error" status="Passed" classname="/home/tcuong1000/os-twin/.agents/tests/channel/RoleCommunication.Tests.ps1" assertions="0" time="0.333" />
    <testcase name="Engineer → Manager Communication.Multiple done messages (retry counting).manager uses done count to track retry completions" status="Passed" classname="/home/tcuong1000/os-twin/.agents/tests/channel/RoleCommunication.Tests.ps1" assertions="0" time="0.626" />
    <testcase name="QA → Manager Communication.Pass verdict.QA posts 'pass' message to manager" status="Passed" classname="/home/tcuong1000/os-twin/.agents/tests/channel/RoleCommunication.Tests.ps1" assertions="0" time="0.332" />
    <testcase name="QA → Manager Communication.Fail verdict.QA posts 'fail' message with feedback" status="Passed" classname="/home/tcuong1000/os-twin/.agents/tests/channel/RoleCommunication.Tests.ps1" assertions="0" time="0.333" />
    <testcase name="QA → Manager Communication.Error (verdict parse failure).QA posts 'error' when verdict cannot be parsed" status="Passed" classname="/home/tcuong1000/os-twin/.agents/tests/channel/RoleCommunication.Tests.ps1" assertions="0" time="0.330" />
    <testcase name="QA → Manager Communication.QA process death.manager detects QA death and posts error on behalf" status="Passed" classname="/home/tcuong1000/os-twin/.agents/tests/channel/RoleCommunication.Tests.ps1" assertions="0" time="0.331" />
    <testcase name="Full Lifecycle — Happy Path.simulates: pending → task → done → qa-pass → passed" status="Passed" classname="/home/tcuong1000/os-twin/.agents/tests/channel/RoleCommunication.Tests.ps1" assertions="0" time="0.675" />
    <testcase name="Full Lifecycle — Retry Path.simulates: task → done → qa-fail → fix → done → qa-pass" status="Passed" classname="/home/tcuong1000/os-twin/.agents/tests/channel/RoleCommunication.Tests.ps1" assertions="0" time="1.106" />
    <testcase name="Full Lifecycle — Max Retries Exhausted.reaches failed-final after max retries" status="Passed" classname="/home/tcuong1000/os-twin/.agents/tests/channel/RoleCommunication.Tests.ps1" assertions="0" time="1.381" />
    <testcase name="Message Format Validation.all messages have required fields: ts, from, to, type, ref, body" status="Passed" classname="/home/tcuong1000/os-twin/.agents/tests/channel/RoleCommunication.Tests.ps1" assertions="0" time="0.333" />
    <testcase name="Message Format Validation.message types follow the contract: task, fix, done, error, pass, fail" status="Passed" classname="/home/tcuong1000/os-twin/.agents/tests/channel/RoleCommunication.Tests.ps1" assertions="0" time="1.068" />
    <testcase name="Message Format Validation.sender-receiver pairs follow the contract" status="Passed" classname="/home/tcuong1000/os-twin/.agents/tests/channel/RoleCommunication.Tests.ps1" assertions="0" time="1.254" />
    <testcase name="Engineer Prompt Construction.engineer reads brief.md for task description" status="Passed" classname="/home/tcuong1000/os-twin/.agents/tests/channel/RoleCommunication.Tests.ps1" assertions="0" time="0.193" />
    <testcase name="Engineer Prompt Construction.engineer reads latest task/fix message from channel" status="Passed" classname="/home/tcuong1000/os-twin/.agents/tests/channel/RoleCommunication.Tests.ps1" assertions="0" time="0.490" />
    <testcase name="Engineer Prompt Construction.config.json contains goals that scope the engineer's work" status="Passed" classname="/home/tcuong1000/os-twin/.agents/tests/channel/RoleCommunication.Tests.ps1" assertions="0" time="0.188" />
    <testcase name="QA Verdict Parsing Contract.parses 'VERDICT: PASS' at start of line" status="Passed" classname="/home/tcuong1000/os-twin/.agents/tests/channel/RoleCommunication.Tests.ps1" assertions="0" time="0.003" />
    <testcase name="QA Verdict Parsing Contract.parses 'VERDICT: FAIL' at start of line" status="Passed" classname="/home/tcuong1000/os-twin/.agents/tests/channel/RoleCommunication.Tests.ps1" assertions="0" time="0.002" />
    <testcase name="QA Verdict Parsing Contract.parses VERDICT: anywhere in a line (fallback)" status="Passed" classname="/home/tcuong1000/os-twin/.agents/tests/channel/RoleCommunication.Tests.ps1" assertions="0" time="0.001" />
    <testcase name="QA Verdict Parsing Contract.parses standalone PASS in first 20 lines (final fallback)" status="Passed" classname="/home/tcuong1000/os-twin/.agents/tests/channel/RoleCommunication.Tests.ps1" assertions="0" time="0.002" />
    <testcase name="QA Verdict Parsing Contract.returns empty when no verdict found" status="Passed" classname="/home/tcuong1000/os-twin/.agents/tests/channel/RoleCommunication.Tests.ps1" assertions="0" time="0.006" />
    <testcase name="Epic vs Task Differentiation.detects EPIC- prefix for epic handling" status="Passed" classname="/home/tcuong1000/os-twin/.agents/tests/channel/RoleCommunication.Tests.ps1" assertions="0" time="0.001" />
    <testcase name="Epic vs Task Differentiation.detects TASK- prefix for task handling" status="Passed" classname="/home/tcuong1000/os-twin/.agents/tests/channel/RoleCommunication.Tests.ps1" assertions="0" time="0.001" />
    <testcase name="Epic vs Task Differentiation.epic war-room has brief.md with epic description" status="Passed" classname="/home/tcuong1000/os-twin/.agents/tests/channel/RoleCommunication.Tests.ps1" assertions="0" time="0.186" />
  </testsuite>
  <testsuite name="/home/tcuong1000/os-twin/.agents/tests/channel/Wait-ForMessage.Tests.ps1" tests="6" errors="0" failures="0" hostname="ostwin-dev" id="5" skipped="0" disabled="0" package="/home/tcuong1000/os-twin/.agents/tests/channel/Wait-ForMessage.Tests.ps1" time="7.404">
    <properties>
      <property name="cwd" value="/home/tcuong1000/os-twin" />
      <property name="os-version" value="6.1.0-44-cloud-amd64" />
      <property name="junit-version" value="4" />
      <property name="clr-version" value="10.0.5" />
      <property name="platform" value="Linux" />
      <property name="user-domain" value="" />
      <property name="user" value="tcuong1000" />
      <property name="machine-name" value="ostwin-dev" />
      <property name="framework-version" value="5.7.1" />
    </properties>
    <testcase name="Wait-ForMessage.Immediate match.returns immediately when matching message already exists" status="Passed" classname="/home/tcuong1000/os-twin/.agents/tests/channel/Wait-ForMessage.Tests.ps1" assertions="0" time="0.170" />
    <testcase name="Wait-ForMessage.Immediate match.returns the matching message with from filter" status="Passed" classname="/home/tcuong1000/os-twin/.agents/tests/channel/Wait-ForMessage.Tests.ps1" assertions="0" time="0.160" />
    <testcase name="Wait-ForMessage.Immediate match.returns the matching message with ref filter" status="Passed" classname="/home/tcuong1000/os-twin/.agents/tests/channel/Wait-ForMessage.Tests.ps1" assertions="0" time="0.161" />
    <testcase name="Wait-ForMessage.Timeout.exits with error after timeout when no matching message" status="Passed" classname="/home/tcuong1000/os-twin/.agents/tests/channel/Wait-ForMessage.Tests.ps1" assertions="0" time="2.165" />
    <testcase name="Wait-ForMessage.Async message arrival.waits and returns when message arrives after startup" status="Passed" classname="/home/tcuong1000/os-twin/.agents/tests/channel/Wait-ForMessage.Tests.ps1" assertions="0" time="2.333" />
    <testcase name="Wait-ForMessage.No channel file.waits without error when channel.jsonl doesn't exist yet, then returns when it appears" status="Passed" classname="/home/tcuong1000/os-twin/.agents/tests/channel/Wait-ForMessage.Tests.ps1" assertions="0" time="2.338" />
  </testsuite>
  <testsuite name="/home/tcuong1000/os-twin/.agents/tests/lib/Config.Tests.ps1" tests="15" errors="0" failures="0" hostname="ostwin-dev" id="6" skipped="0" disabled="0" package="/home/tcuong1000/os-twin/.agents/tests/lib/Config.Tests.ps1" time="0.129">
    <properties>
      <property name="cwd" value="/home/tcuong1000/os-twin" />
      <property name="os-version" value="6.1.0-44-cloud-amd64" />
      <property name="junit-version" value="4" />
      <property name="clr-version" value="10.0.5" />
      <property name="platform" value="Linux" />
      <property name="user-domain" value="" />
      <property name="user" value="tcuong1000" />
      <property name="machine-name" value="ostwin-dev" />
      <property name="framework-version" value="5.7.1" />
    </properties>
    <testcase name="Get-OstwinConfig.loads a valid config file" status="Passed" classname="/home/tcuong1000/os-twin/.agents/tests/lib/Config.Tests.ps1" assertions="0" time="0.006" />
    <testcase name="Get-OstwinConfig.reads nested values correctly" status="Passed" classname="/home/tcuong1000/os-twin/.agents/tests/lib/Config.Tests.ps1" assertions="0" time="0.005" />
    <testcase name="Get-OstwinConfig.throws when file not found" status="Passed" classname="/home/tcuong1000/os-twin/.agents/tests/lib/Config.Tests.ps1" assertions="0" time="0.006" />
    <testcase name="Get-OstwinConfig.uses AGENT_OS_CONFIG env var" status="Passed" classname="/home/tcuong1000/os-twin/.agents/tests/lib/Config.Tests.ps1" assertions="0" time="0.004" />
    <testcase name="Test-OstwinConfig.validates a complete config successfully" status="Passed" classname="/home/tcuong1000/os-twin/.agents/tests/lib/Config.Tests.ps1" assertions="0" time="0.012" />
    <testcase name="Test-OstwinConfig.detects missing version" status="Passed" classname="/home/tcuong1000/os-twin/.agents/tests/lib/Config.Tests.ps1" assertions="0" time="0.008" />
    <testcase name="Test-OstwinConfig.detects missing manager section" status="Passed" classname="/home/tcuong1000/os-twin/.agents/tests/lib/Config.Tests.ps1" assertions="0" time="0.003" />
    <testcase name="Test-OstwinConfig.detects missing engineer.cli" status="Passed" classname="/home/tcuong1000/os-twin/.agents/tests/lib/Config.Tests.ps1" assertions="0" time="0.003" />
    <testcase name="Test-OstwinConfig.detects invalid poll_interval_seconds" status="Passed" classname="/home/tcuong1000/os-twin/.agents/tests/lib/Config.Tests.ps1" assertions="0" time="0.003" />
    <testcase name="Test-OstwinConfig.reports multiple errors" status="Passed" classname="/home/tcuong1000/os-twin/.agents/tests/lib/Config.Tests.ps1" assertions="0" time="0.004" />
    <testcase name="New-RunConfig.creates a copy of the base config" status="Passed" classname="/home/tcuong1000/os-twin/.agents/tests/lib/Config.Tests.ps1" assertions="0" time="0.010" />
    <testcase name="New-RunConfig.applies overrides" status="Passed" classname="/home/tcuong1000/os-twin/.agents/tests/lib/Config.Tests.ps1" assertions="0" time="0.007" />
    <testcase name="New-RunConfig.preserves non-overridden values" status="Passed" classname="/home/tcuong1000/os-twin/.agents/tests/lib/Config.Tests.ps1" assertions="0" time="0.006" />
    <testcase name="New-RunConfig.throws when base config not found" status="Passed" classname="/home/tcuong1000/os-twin/.agents/tests/lib/Config.Tests.ps1" assertions="0" time="0.006" />
    <testcase name="New-RunConfig.handles multiple overrides" status="Passed" classname="/home/tcuong1000/os-twin/.agents/tests/lib/Config.Tests.ps1" assertions="0" time="0.006" />
  </testsuite>
  <testsuite name="/home/tcuong1000/os-twin/.agents/tests/lib/Log.Tests.ps1" tests="15" errors="0" failures="0" hostname="ostwin-dev" id="7" skipped="0" disabled="0" package="/home/tcuong1000/os-twin/.agents/tests/lib/Log.Tests.ps1" time="0.248">
    <properties>
      <property name="cwd" value="/home/tcuong1000/os-twin" />
      <property name="os-version" value="6.1.0-44-cloud-amd64" />
      <property name="junit-version" value="4" />
      <property name="clr-version" value="10.0.5" />
      <property name="platform" value="Linux" />
      <property name="user-domain" value="" />
      <property name="user" value="tcuong1000" />
      <property name="machine-name" value="ostwin-dev" />
      <property name="framework-version" value="5.7.1" />
    </properties>
    <testcase name="Get-OstwinLogLevel.returns INFO by default when env var is not set" status="Passed" classname="/home/tcuong1000/os-twin/.agents/tests/lib/Log.Tests.ps1" assertions="0" time="0.002" />
    <testcase name="Get-OstwinLogLevel.returns the level from AGENT_OS_LOG_LEVEL env var" status="Passed" classname="/home/tcuong1000/os-twin/.agents/tests/lib/Log.Tests.ps1" assertions="0" time="0.002" />
    <testcase name="Get-OstwinLogLevel.is case-insensitive" status="Passed" classname="/home/tcuong1000/os-twin/.agents/tests/lib/Log.Tests.ps1" assertions="0" time="0.002" />
    <testcase name="Get-OstwinLogLevel.falls back to INFO for unknown levels" status="Passed" classname="/home/tcuong1000/os-twin/.agents/tests/lib/Log.Tests.ps1" assertions="0" time="0.002" />
    <testcase name="Get-OstwinLogDir.returns AGENT_OS_LOG_DIR when set" status="Passed" classname="/home/tcuong1000/os-twin/.agents/tests/lib/Log.Tests.ps1" assertions="0" time="0.012" />
    <testcase name="Get-OstwinLogDir.creates the log directory if it doesn't exist" status="Passed" classname="/home/tcuong1000/os-twin/.agents/tests/lib/Log.Tests.ps1" assertions="0" time="0.007" />
    <testcase name="Write-OstwinLog.writes to the log file" status="Passed" classname="/home/tcuong1000/os-twin/.agents/tests/lib/Log.Tests.ps1" assertions="0" time="0.013" />
    <testcase name="Write-OstwinLog.includes timestamp, level, and caller in the log line" status="Passed" classname="/home/tcuong1000/os-twin/.agents/tests/lib/Log.Tests.ps1" assertions="0" time="0.008" />
    <testcase name="Write-OstwinLog.appends properties to the log line" status="Passed" classname="/home/tcuong1000/os-twin/.agents/tests/lib/Log.Tests.ps1" assertions="0" time="0.012" />
    <testcase name="Write-OstwinLog.respects log level gating — suppresses DEBUG when level is WARN" status="Passed" classname="/home/tcuong1000/os-twin/.agents/tests/lib/Log.Tests.ps1" assertions="0" time="0.008" />
    <testcase name="Write-OstwinLog.handles ERROR level" status="Passed" classname="/home/tcuong1000/os-twin/.agents/tests/lib/Log.Tests.ps1" assertions="0" time="0.012" />
    <testcase name="Write-OstwinJsonLog.writes valid JSON to ostwin.jsonl" status="Passed" classname="/home/tcuong1000/os-twin/.agents/tests/lib/Log.Tests.ps1" assertions="0" time="0.011" />
    <testcase name="Write-OstwinJsonLog.includes data properties in the JSON" status="Passed" classname="/home/tcuong1000/os-twin/.agents/tests/lib/Log.Tests.ps1" assertions="0" time="0.008" />
    <testcase name="Write-OstwinJsonLog.handles empty data" status="Passed" classname="/home/tcuong1000/os-twin/.agents/tests/lib/Log.Tests.ps1" assertions="0" time="0.007" />
    <testcase name="Write-OstwinJsonLog.appends multiple events to the same file" status="Passed" classname="/home/tcuong1000/os-twin/.agents/tests/lib/Log.Tests.ps1" assertions="0" time="0.013" />
  </testsuite>
  <testsuite name="/home/tcuong1000/os-twin/.agents/tests/lib/Observability.Tests.ps1" tests="21" errors="0" failures="0" hostname="ostwin-dev" id="8" skipped="0" disabled="0" package="/home/tcuong1000/os-twin/.agents/tests/lib/Observability.Tests.ps1" time="0.313">
    <properties>
      <property name="cwd" value="/home/tcuong1000/os-twin" />
      <property name="os-version" value="6.1.0-44-cloud-amd64" />
      <property name="junit-version" value="4" />
      <property name="clr-version" value="10.0.5" />
      <property name="platform" value="Linux" />
      <property name="user-domain" value="" />
      <property name="user" value="tcuong1000" />
      <property name="machine-name" value="ostwin-dev" />
      <property name="framework-version" value="5.7.1" />
    </properties>
    <testcase name="Observability Module.Trace ID Generation.generates unique trace IDs" status="Passed" classname="/home/tcuong1000/os-twin/.agents/tests/lib/Observability.Tests.ps1" assertions="0" time="0.006" />
    <testcase name="Observability Module.Trace ID Generation.generates unique span IDs" status="Passed" classname="/home/tcuong1000/os-twin/.agents/tests/lib/Observability.Tests.ps1" assertions="0" time="0.003" />
    <testcase name="Observability Module.Trace Creation.creates a trace with required fields" status="Passed" classname="/home/tcuong1000/os-twin/.agents/tests/lib/Observability.Tests.ps1" assertions="0" time="0.008" />
    <testcase name="Observability Module.Trace Creation.creates a trace with room context" status="Passed" classname="/home/tcuong1000/os-twin/.agents/tests/lib/Observability.Tests.ps1" assertions="0" time="0.003" />
    <testcase name="Observability Module.Span Management.starts a span with trace context" status="Passed" classname="/home/tcuong1000/os-twin/.agents/tests/lib/Observability.Tests.ps1" assertions="0" time="0.012" />
    <testcase name="Observability Module.Span Management.adds span to trace" status="Passed" classname="/home/tcuong1000/os-twin/.agents/tests/lib/Observability.Tests.ps1" assertions="0" time="0.002" />
    <testcase name="Observability Module.Span Management.supports parent span" status="Passed" classname="/home/tcuong1000/os-twin/.agents/tests/lib/Observability.Tests.ps1" assertions="0" time="0.003" />
    <testcase name="Observability Module.Span Management.supports span attributes" status="Passed" classname="/home/tcuong1000/os-twin/.agents/tests/lib/Observability.Tests.ps1" assertions="0" time="0.004" />
    <testcase name="Observability Module.Span Management.completes a span with status and duration" status="Passed" classname="/home/tcuong1000/os-twin/.agents/tests/lib/Observability.Tests.ps1" assertions="0" time="0.060" />
    <testcase name="Observability Module.Span Management.completes a span with error status" status="Passed" classname="/home/tcuong1000/os-twin/.agents/tests/lib/Observability.Tests.ps1" assertions="0" time="0.004" />
    <testcase name="Observability Module.Event Logging.writes events with trace context" status="Passed" classname="/home/tcuong1000/os-twin/.agents/tests/lib/Observability.Tests.ps1" assertions="0" time="0.015" />
    <testcase name="Observability Module.Event Logging.writes events to trace events list" status="Passed" classname="/home/tcuong1000/os-twin/.agents/tests/lib/Observability.Tests.ps1" assertions="0" time="0.006" />
    <testcase name="Observability Module.Event Logging.includes custom properties" status="Passed" classname="/home/tcuong1000/os-twin/.agents/tests/lib/Observability.Tests.ps1" assertions="0" time="0.011" />
    <testcase name="Observability Module.Event Logging.writes to trace.jsonl file" status="Passed" classname="/home/tcuong1000/os-twin/.agents/tests/lib/Observability.Tests.ps1" assertions="0" time="0.007" />
    <testcase name="Observability Module.Metrics.records counter metrics" status="Passed" classname="/home/tcuong1000/os-twin/.agents/tests/lib/Observability.Tests.ps1" assertions="0" time="0.011" />
    <testcase name="Observability Module.Metrics.records gauge metrics" status="Passed" classname="/home/tcuong1000/os-twin/.agents/tests/lib/Observability.Tests.ps1" assertions="0" time="0.002" />
    <testcase name="Observability Module.Metrics.records metrics with labels" status="Passed" classname="/home/tcuong1000/os-twin/.agents/tests/lib/Observability.Tests.ps1" assertions="0" time="0.004" />
    <testcase name="Observability Module.Metrics.returns null for missing metric" status="Passed" classname="/home/tcuong1000/os-twin/.agents/tests/lib/Observability.Tests.ps1" assertions="0" time="0.003" />
    <testcase name="Observability Module.Report Export.exports a trace report as JSON" status="Passed" classname="/home/tcuong1000/os-twin/.agents/tests/lib/Observability.Tests.ps1" assertions="0" time="0.033" />
    <testcase name="Observability Module.Report Export.exports to custom path" status="Passed" classname="/home/tcuong1000/os-twin/.agents/tests/lib/Observability.Tests.ps1" assertions="0" time="0.004" />
    <testcase name="Observability Module.Report Export.includes metrics summary in report" status="Passed" classname="/home/tcuong1000/os-twin/.agents/tests/lib/Observability.Tests.ps1" assertions="0" time="0.008" />
  </testsuite>
  <testsuite name="/home/tcuong1000/os-twin/.agents/tests/lib/Utils.Tests.ps1" tests="25" errors="0" failures="0" hostname="ostwin-dev" id="9" skipped="0" disabled="0" package="/home/tcuong1000/os-twin/.agents/tests/lib/Utils.Tests.ps1" time="0.298">
    <properties>
      <property name="cwd" value="/home/tcuong1000/os-twin" />
      <property name="os-version" value="6.1.0-44-cloud-amd64" />
      <property name="junit-version" value="4" />
      <property name="clr-version" value="10.0.5" />
      <property name="platform" value="Linux" />
      <property name="user-domain" value="" />
      <property name="user" value="tcuong1000" />
      <property name="machine-name" value="ostwin-dev" />
      <property name="framework-version" value="5.7.1" />
    </properties>
    <testcase name="Read-OstwinConfig.reads a top-level key" status="Passed" classname="/home/tcuong1000/os-twin/.agents/tests/lib/Utils.Tests.ps1" assertions="0" time="0.006" />
    <testcase name="Read-OstwinConfig.reads a nested key" status="Passed" classname="/home/tcuong1000/os-twin/.agents/tests/lib/Utils.Tests.ps1" assertions="0" time="0.007" />
    <testcase name="Read-OstwinConfig.reads a deeply nested key" status="Passed" classname="/home/tcuong1000/os-twin/.agents/tests/lib/Utils.Tests.ps1" assertions="0" time="0.004" />
    <testcase name="Read-OstwinConfig.reads boolean values as lowercase strings" status="Passed" classname="/home/tcuong1000/os-twin/.agents/tests/lib/Utils.Tests.ps1" assertions="0" time="0.005" />
    <testcase name="Read-OstwinConfig.reads integer values" status="Passed" classname="/home/tcuong1000/os-twin/.agents/tests/lib/Utils.Tests.ps1" assertions="0" time="0.004" />
    <testcase name="Read-OstwinConfig.throws when config file not found" status="Passed" classname="/home/tcuong1000/os-twin/.agents/tests/lib/Utils.Tests.ps1" assertions="0" time="0.003" />
    <testcase name="Read-OstwinConfig.throws when key path is invalid" status="Passed" classname="/home/tcuong1000/os-twin/.agents/tests/lib/Utils.Tests.ps1" assertions="0" time="0.005" />
    <testcase name="Read-OstwinConfig.uses AGENT_OS_CONFIG env var when ConfigPath not specified" status="Passed" classname="/home/tcuong1000/os-twin/.agents/tests/lib/Utils.Tests.ps1" assertions="0" time="0.004" />
    <testcase name="Set-WarRoomStatus.writes the status file" status="Passed" classname="/home/tcuong1000/os-twin/.agents/tests/lib/Utils.Tests.ps1" assertions="0" time="0.010" />
    <testcase name="Set-WarRoomStatus.writes state_changed_at as unix epoch" status="Passed" classname="/home/tcuong1000/os-twin/.agents/tests/lib/Utils.Tests.ps1" assertions="0" time="0.013" />
    <testcase name="Set-WarRoomStatus.appends to audit.log with old -&gt; new status" status="Passed" classname="/home/tcuong1000/os-twin/.agents/tests/lib/Utils.Tests.ps1" assertions="0" time="0.011" />
    <testcase name="Set-WarRoomStatus.records the correct old status as 'unknown' when status file is missing" status="Passed" classname="/home/tcuong1000/os-twin/.agents/tests/lib/Utils.Tests.ps1" assertions="0" time="0.009" />
    <testcase name="Set-WarRoomStatus.tracks multiple status transitions" status="Passed" classname="/home/tcuong1000/os-twin/.agents/tests/lib/Utils.Tests.ps1" assertions="0" time="0.025" />
    <testcase name="Set-WarRoomStatus.throws for invalid status format" status="Passed" classname="/home/tcuong1000/os-twin/.agents/tests/lib/Utils.Tests.ps1" assertions="0" time="0.004" />
    <testcase name="Set-WarRoomStatus.throws when room directory doesn't exist" status="Passed" classname="/home/tcuong1000/os-twin/.agents/tests/lib/Utils.Tests.ps1" assertions="0" time="0.008" />
    <testcase name="Test-PidAlive.returns false when pid file doesn't exist" status="Passed" classname="/home/tcuong1000/os-twin/.agents/tests/lib/Utils.Tests.ps1" assertions="0" time="0.004" />
    <testcase name="Test-PidAlive.returns false for a non-running PID" status="Passed" classname="/home/tcuong1000/os-twin/.agents/tests/lib/Utils.Tests.ps1" assertions="0" time="0.006" />
    <testcase name="Test-PidAlive.returns true for the current process PID" status="Passed" classname="/home/tcuong1000/os-twin/.agents/tests/lib/Utils.Tests.ps1" assertions="0" time="0.008" />
    <testcase name="Test-PidAlive.returns false for empty pid file" status="Passed" classname="/home/tcuong1000/os-twin/.agents/tests/lib/Utils.Tests.ps1" assertions="0" time="0.005" />
    <testcase name="Test-PidAlive.returns false for non-numeric pid file content" status="Passed" classname="/home/tcuong1000/os-twin/.agents/tests/lib/Utils.Tests.ps1" assertions="0" time="0.004" />
    <testcase name="Get-TruncatedText.returns text unchanged when under limit" status="Passed" classname="/home/tcuong1000/os-twin/.agents/tests/lib/Utils.Tests.ps1" assertions="0" time="0.005" />
    <testcase name="Get-TruncatedText.truncates text over limit and adds notice" status="Passed" classname="/home/tcuong1000/os-twin/.agents/tests/lib/Utils.Tests.ps1" assertions="0" time="0.009" />
    <testcase name="Get-TruncatedText.returns exact-length text unchanged" status="Passed" classname="/home/tcuong1000/os-twin/.agents/tests/lib/Utils.Tests.ps1" assertions="0" time="0.002" />
    <testcase name="Get-TruncatedText.handles empty text" status="Passed" classname="/home/tcuong1000/os-twin/.agents/tests/lib/Utils.Tests.ps1" assertions="0" time="0.002" />
    <testcase name="Get-OstwinAgentsDir.returns AGENTS_DIR env var when set" status="Passed" classname="/home/tcuong1000/os-twin/.agents/tests/lib/Utils.Tests.ps1" assertions="0" time="0.002" />
  </testsuite>
  <testsuite name="/home/tcuong1000/os-twin/.agents/tests/lifecycle/Resolve-Pipeline.Tests.ps1" tests="6" errors="0" failures="0" hostname="ostwin-dev" id="10" skipped="0" disabled="0" package="/home/tcuong1000/os-twin/.agents/tests/lifecycle/Resolve-Pipeline.Tests.ps1" time="0.105">
    <properties>
      <property name="cwd" value="/home/tcuong1000/os-twin" />
      <property name="os-version" value="6.1.0-44-cloud-amd64" />
      <property name="junit-version" value="4" />
      <property name="clr-version" value="10.0.5" />
      <property name="platform" value="Linux" />
      <property name="user-domain" value="" />
      <property name="user" value="tcuong1000" />
      <property name="machine-name" value="ostwin-dev" />
      <property name="framework-version" value="5.7.1" />
    </properties>
    <testcase name="Resolve-Pipeline.ps1 — Dynamic Lifecycle Generation.Builds lifecycle with three candidates (position-based)" status="Passed" classname="/home/tcuong1000/os-twin/.agents/tests/lifecycle/Resolve-Pipeline.Tests.ps1" assertions="0" time="0.035" />
    <testcase name="Resolve-Pipeline.ps1 — Dynamic Lifecycle Generation.Builds lifecycle with single candidate — QA review injected" status="Passed" classname="/home/tcuong1000/os-twin/.agents/tests/lifecycle/Resolve-Pipeline.Tests.ps1" assertions="0" time="0.006" />
    <testcase name="Resolve-Pipeline.ps1 — Dynamic Lifecycle Generation.Single candidate via -Roles string array also works" status="Passed" classname="/home/tcuong1000/os-twin/.agents/tests/lifecycle/Resolve-Pipeline.Tests.ps1" assertions="0" time="0.006" />
    <testcase name="Resolve-Pipeline.ps1 — Dynamic Lifecycle Generation.JSON output is valid and contains version 2" status="Passed" classname="/home/tcuong1000/os-twin/.agents/tests/lifecycle/Resolve-Pipeline.Tests.ps1" assertions="0" time="0.008" />
    <testcase name="Resolve-Pipeline.ps1 — Dynamic Lifecycle Generation.All evaluator states include error signal targeting failed" status="Passed" classname="/home/tcuong1000/os-twin/.agents/tests/lifecycle/Resolve-Pipeline.Tests.ps1" assertions="0" time="0.022" />
    <testcase name="Resolve-Pipeline.ps1 — Dynamic Lifecycle Generation.Worker and evaluator error signals both target failed state" status="Passed" classname="/home/tcuong1000/os-twin/.agents/tests/lifecycle/Resolve-Pipeline.Tests.ps1" assertions="0" time="0.006" />
  </testsuite>
</testsuites>