<?xml version="1.0" encoding="UTF-8" standalone="no"?>
<!DOCTYPE report PUBLIC "-//JACOCO//DTD Report 1.1//EN" "report.dtd"[]>
<report name="Pester (04/03/2026 18:22:15)">
  <sessioninfo id="this" start="1775240528938" dump="1775240535024" />
  <package name="manager">
    <class name="manager/ManagerLoop-Helpers" sourcefilename="ManagerLoop-Helpers.psm1">
      <method name="&lt;script&gt;" desc="()" line="20">
        <counter type="INSTRUCTION" missed="0" covered="2" />
        <counter type="LINE" missed="0" covered="2" />
        <counter type="METHOD" missed="0" covered="1" />
      </method>
      <method name="Set-ManagerLoopContext" desc="()" line="32">
        <counter type="INSTRUCTION" missed="0" covered="1" />
        <counter type="LINE" missed="0" covered="1" />
        <counter type="METHOD" missed="0" covered="1" />
      </method>
      <method name="Get-ManagerLoopContext" desc="()" line="35">
        <counter type="INSTRUCTION" missed="0" covered="1" />
        <counter type="LINE" missed="0" covered="1" />
        <counter type="METHOD" missed="0" covered="1" />
      </method>
      <method name="_ctx" desc="()" line="38">
        <counter type="INSTRUCTION" missed="0" covered="1" />
        <counter type="LINE" missed="0" covered="1" />
        <counter type="METHOD" missed="0" covered="1" />
      </method>
      <method name="Resolve-RoomSkills" desc="()" line="47">
        <counter type="INSTRUCTION" missed="9" covered="52" />
        <counter type="LINE" missed="4" covered="33" />
        <counter type="METHOD" missed="0" covered="1" />
      </method>
      <method name="Get-ActiveCount" desc="()" line="106">
        <counter type="INSTRUCTION" missed="1" covered="13" />
        <counter type="LINE" missed="1" covered="7" />
        <counter type="METHOD" missed="0" covered="1" />
      </method>
      <method name="Get-MsgCount" desc="()" line="122">
        <counter type="INSTRUCTION" missed="0" covered="5" />
        <counter type="LINE" missed="0" covered="4" />
        <counter type="METHOD" missed="0" covered="1" />
      </method>
      <method name="Get-LatestBody" desc="()" line="136">
        <counter type="INSTRUCTION" missed="0" covered="5" />
        <counter type="LINE" missed="0" covered="4" />
        <counter type="METHOD" missed="0" covered="1" />
      </method>
      <method name="Test-StateTimedOut" desc="()" line="150">
        <counter type="INSTRUCTION" missed="0" covered="12" />
        <counter type="LINE" missed="0" covered="6" />
        <counter type="METHOD" missed="0" covered="1" />
      </method>
      <method name="Stop-RoomProcesses" desc="()" line="163">
        <counter type="INSTRUCTION" missed="0" covered="14" />
        <counter type="LINE" missed="0" covered="9" />
        <counter type="METHOD" missed="0" covered="1" />
      </method>
      <method name="Write-RoomStatus" desc="()" line="182">
        <counter type="INSTRUCTION" missed="14" covered="29" />
        <counter type="LINE" missed="6" covered="19" />
        <counter type="METHOD" missed="0" covered="1" />
      </method>
      <method name="Find-LatestSignal" desc="()" line="230">
        <counter type="INSTRUCTION" missed="10" covered="45" />
        <counter type="LINE" missed="4" covered="32" />
        <counter type="METHOD" missed="0" covered="1" />
      </method>
      <method name="Invoke-SignalActions" desc="()" line="293">
        <counter type="INSTRUCTION" missed="0" covered="32" />
        <counter type="LINE" missed="0" covered="21" />
        <counter type="METHOD" missed="0" covered="1" />
      </method>
      <method name="Write-Log" desc="()" line="332">
        <counter type="INSTRUCTION" missed="0" covered="3" />
        <counter type="LINE" missed="0" covered="3" />
        <counter type="METHOD" missed="0" covered="1" />
      </method>
      <method name="Write-SpawnLock" desc="()" line="344">
        <counter type="INSTRUCTION" missed="0" covered="10" />
        <counter type="LINE" missed="0" covered="5" />
        <counter type="METHOD" missed="0" covered="1" />
      </method>
      <method name="Test-SpawnLock" desc="()" line="356">
        <counter type="INSTRUCTION" missed="1" covered="11" />
        <counter type="LINE" missed="1" covered="5" />
        <counter type="METHOD" missed="0" covered="1" />
      </method>
      <method name="Start-WorkerJob" desc="()" line="377">
        <counter type="INSTRUCTION" missed="3" covered="15" />
        <counter type="LINE" missed="1" covered="13" />
        <counter type="METHOD" missed="0" covered="1" />
      </method>
      <method name="Get-CachedDag" desc="()" line="401">
        <counter type="INSTRUCTION" missed="1" covered="14" />
        <counter type="LINE" missed="1" covered="8" />
        <counter type="METHOD" missed="0" covered="1" />
      </method>
      <method name="Set-BlockedDescendants" desc="()" line="420">
        <counter type="INSTRUCTION" missed="0" covered="30" />
        <counter type="LINE" missed="0" covered="26" />
        <counter type="METHOD" missed="0" covered="1" />
      </method>
      <method name="Invoke-ManagerTriage" desc="()" line="460">
        <counter type="INSTRUCTION" missed="13" covered="75" />
        <counter type="LINE" missed="6" covered="48" />
        <counter type="METHOD" missed="0" covered="1" />
      </method>
      <method name="Write-TriageContext" desc="()" line="553">
        <counter type="INSTRUCTION" missed="0" covered="17" />
        <counter type="LINE" missed="0" covered="12" />
        <counter type="METHOD" missed="0" covered="1" />
      </method>
      <method name="Handle-PlanApproval" desc="()" line="590">
        <counter type="INSTRUCTION" missed="0" covered="9" />
        <counter type="LINE" missed="0" covered="8" />
        <counter type="METHOD" missed="0" covered="1" />
      </method>
      <counter type="INSTRUCTION" missed="52" covered="396" />
      <counter type="LINE" missed="24" covered="268" />
      <counter type="METHOD" missed="0" covered="22" />
      <counter type="CLASS" missed="0" covered="1" />
    </class>
    <sourcefile name="ManagerLoop-Helpers.psm1">
      <line nr="20" mi="0" ci="1" mb="0" cb="0" />
      <line nr="32" mi="0" ci="1" mb="0" cb="0" />
      <line nr="35" mi="0" ci="1" mb="0" cb="0" />
      <line nr="38" mi="0" ci="1" mb="0" cb="0" />
      <line nr="47" mi="0" ci="1" mb="0" cb="0" />
      <line nr="48" mi="0" ci="1" mb="0" cb="0" />
      <line nr="50" mi="0" ci="1" mb="0" cb="0" />
      <line nr="51" mi="0" ci="2" mb="0" cb="0" />
      <line nr="52" mi="0" ci="2" mb="0" cb="0" />
      <line nr="54" mi="0" ci="1" mb="0" cb="0" />
      <line nr="56" mi="0" ci="1" mb="0" cb="0" />
      <line nr="57" mi="0" ci="1" mb="0" cb="0" />
      <line nr="58" mi="0" ci="1" mb="0" cb="0" />
      <line nr="59" mi="0" ci="2" mb="0" cb="0" />
      <line nr="60" mi="0" ci="2" mb="0" cb="0" />
      <line nr="64" mi="0" ci="1" mb="0" cb="0" />
      <line nr="65" mi="0" ci="1" mb="0" cb="0" />
      <line nr="66" mi="0" ci="1" mb="0" cb="0" />
      <line nr="67" mi="1" ci="2" mb="0" cb="0" />
      <line nr="68" mi="0" ci="1" mb="0" cb="0" />
      <line nr="69" mi="0" ci="1" mb="0" cb="0" />
      <line nr="70" mi="0" ci="3" mb="0" cb="0" />
      <line nr="71" mi="0" ci="4" mb="0" cb="0" />
      <line nr="73" mi="0" ci="2" mb="0" cb="0" />
      <line nr="74" mi="0" ci="3" mb="0" cb="0" />
      <line nr="76" mi="0" ci="1" mb="0" cb="0" />
      <line nr="77" mi="0" ci="2" mb="0" cb="0" />
      <line nr="78" mi="0" ci="2" mb="0" cb="0" />
      <line nr="81" mi="0" ci="1" mb="0" cb="0" />
      <line nr="82" mi="0" ci="1" mb="0" cb="0" />
      <line nr="83" mi="0" ci="1" mb="0" cb="0" />
      <line nr="84" mi="0" ci="1" mb="0" cb="0" />
      <line nr="85" mi="0" ci="2" mb="0" cb="0" />
      <line nr="86" mi="0" ci="2" mb="0" cb="0" />
      <line nr="87" mi="1" ci="1" mb="0" cb="0" />
      <line nr="89" mi="1" ci="0" mb="0" cb="0" />
      <line nr="90" mi="2" ci="0" mb="0" cb="0" />
      <line nr="91" mi="2" ci="0" mb="0" cb="0" />
      <line nr="92" mi="2" ci="0" mb="0" cb="0" />
      <line nr="94" mi="0" ci="3" mb="0" cb="0" />
      <line nr="98" mi="0" ci="1" mb="0" cb="0" />
      <line nr="106" mi="0" ci="1" mb="0" cb="0" />
      <line nr="107" mi="0" ci="1" mb="0" cb="0" />
      <line nr="108" mi="0" ci="2" mb="0" cb="0" />
      <line nr="109" mi="0" ci="2" mb="0" cb="0" />
      <line nr="110" mi="0" ci="3" mb="0" cb="0" />
      <line nr="111" mi="1" ci="0" mb="0" cb="0" />
      <line nr="112" mi="0" ci="3" mb="0" cb="0" />
      <line nr="114" mi="0" ci="1" mb="0" cb="0" />
      <line nr="122" mi="0" ci="1" mb="0" cb="0" />
      <line nr="124" mi="0" ci="1" mb="0" cb="0" />
      <line nr="125" mi="0" ci="2" mb="0" cb="0" />
      <line nr="128" mi="0" ci="1" mb="0" cb="0" />
      <line nr="136" mi="0" ci="1" mb="0" cb="0" />
      <line nr="138" mi="0" ci="1" mb="0" cb="0" />
      <line nr="139" mi="0" ci="2" mb="0" cb="0" />
      <line nr="142" mi="0" ci="1" mb="0" cb="0" />
      <line nr="150" mi="0" ci="1" mb="0" cb="0" />
      <line nr="151" mi="0" ci="1" mb="0" cb="0" />
      <line nr="152" mi="0" ci="3" mb="0" cb="0" />
      <line nr="153" mi="0" ci="2" mb="0" cb="0" />
      <line nr="154" mi="0" ci="2" mb="0" cb="0" />
      <line nr="155" mi="0" ci="3" mb="0" cb="0" />
      <line nr="163" mi="0" ci="1" mb="0" cb="0" />
      <line nr="164" mi="0" ci="2" mb="0" cb="0" />
      <line nr="165" mi="0" ci="2" mb="0" cb="0" />
      <line nr="166" mi="0" ci="2" mb="0" cb="0" />
      <line nr="167" mi="0" ci="1" mb="0" cb="0" />
      <line nr="168" mi="0" ci="2" mb="0" cb="0" />
      <line nr="170" mi="0" ci="1" mb="0" cb="0" />
      <line nr="172" mi="0" ci="2" mb="0" cb="0" />
      <line nr="173" mi="0" ci="1" mb="0" cb="0" />
      <line nr="182" mi="0" ci="2" mb="0" cb="0" />
      <line nr="183" mi="0" ci="3" mb="0" cb="0" />
      <line nr="184" mi="1" ci="0" mb="0" cb="0" />
      <line nr="186" mi="0" ci="1" mb="0" cb="0" />
      <line nr="187" mi="0" ci="1" mb="0" cb="0" />
      <line nr="189" mi="3" ci="0" mb="0" cb="0" />
      <line nr="190" mi="2" ci="0" mb="0" cb="0" />
      <line nr="191" mi="3" ci="0" mb="0" cb="0" />
      <line nr="192" mi="2" ci="0" mb="0" cb="0" />
      <line nr="193" mi="3" ci="0" mb="0" cb="0" />
      <line nr="196" mi="0" ci="1" mb="0" cb="0" />
      <line nr="197" mi="0" ci="1" mb="0" cb="0" />
      <line nr="198" mi="0" ci="2" mb="0" cb="0" />
      <line nr="199" mi="0" ci="1" mb="0" cb="0" />
      <line nr="200" mi="0" ci="2" mb="0" cb="0" />
      <line nr="201" mi="0" ci="2" mb="0" cb="0" />
      <line nr="203" mi="0" ci="1" mb="0" cb="0" />
      <line nr="204" mi="0" ci="1" mb="0" cb="0" />
      <line nr="205" mi="0" ci="1" mb="0" cb="0" />
      <line nr="207" mi="0" ci="2" mb="0" cb="0" />
      <line nr="208" mi="0" ci="1" mb="0" cb="0" />
      <line nr="209" mi="0" ci="2" mb="0" cb="0" />
      <line nr="213" mi="0" ci="1" mb="0" cb="0" />
      <line nr="214" mi="0" ci="2" mb="0" cb="0" />
      <line nr="215" mi="0" ci="2" mb="0" cb="0" />
      <line nr="230" mi="0" ci="1" mb="0" cb="0" />
      <line nr="231" mi="0" ci="1" mb="0" cb="0" />
      <line nr="233" mi="0" ci="1" mb="0" cb="0" />
      <line nr="234" mi="0" ci="1" mb="0" cb="0" />
      <line nr="235" mi="0" ci="1" mb="0" cb="0" />
      <line nr="236" mi="0" ci="1" mb="0" cb="0" />
      <line nr="238" mi="0" ci="2" mb="0" cb="0" />
      <line nr="239" mi="0" ci="4" mb="0" cb="0" />
      <line nr="241" mi="0" ci="1" mb="0" cb="0" />
      <line nr="242" mi="0" ci="1" mb="0" cb="0" />
      <line nr="243" mi="0" ci="1" mb="0" cb="0" />
      <line nr="244" mi="0" ci="2" mb="0" cb="0" />
      <line nr="246" mi="0" ci="2" mb="0" cb="0" />
      <line nr="248" mi="0" ci="1" mb="0" cb="0" />
      <line nr="250" mi="0" ci="1" mb="0" cb="0" />
      <line nr="251" mi="0" ci="1" mb="0" cb="0" />
      <line nr="252" mi="0" ci="1" mb="0" cb="0" />
      <line nr="254" mi="0" ci="1" mb="0" cb="0" />
      <line nr="255" mi="0" ci="1" mb="0" cb="0" />
      <line nr="256" mi="0" ci="1" mb="0" cb="0" />
      <line nr="257" mi="0" ci="2" mb="0" cb="0" />
      <line nr="258" mi="2" ci="0" mb="0" cb="0" />
      <line nr="259" mi="2" ci="0" mb="0" cb="0" />
      <line nr="261" mi="3" ci="0" mb="0" cb="0" />
      <line nr="264" mi="1" ci="2" mb="0" cb="0" />
      <line nr="266" mi="0" ci="1" mb="0" cb="0" />
      <line nr="267" mi="0" ci="2" mb="0" cb="0" />
      <line nr="268" mi="0" ci="1" mb="0" cb="0" />
      <line nr="269" mi="0" ci="2" mb="0" cb="0" />
      <line nr="274" mi="0" ci="2" mb="0" cb="0" />
      <line nr="275" mi="0" ci="2" mb="0" cb="0" />
      <line nr="276" mi="0" ci="2" mb="0" cb="0" />
      <line nr="278" mi="0" ci="1" mb="0" cb="0" />
      <line nr="281" mi="2" ci="0" mb="0" cb="0" />
      <line nr="284" mi="0" ci="1" mb="0" cb="0" />
      <line nr="285" mi="0" ci="1" mb="0" cb="0" />
      <line nr="293" mi="0" ci="1" mb="0" cb="0" />
      <line nr="294" mi="0" ci="1" mb="0" cb="0" />
      <line nr="296" mi="0" ci="1" mb="0" cb="0" />
      <line nr="297" mi="0" ci="1" mb="0" cb="0" />
      <line nr="299" mi="0" ci="1" mb="0" cb="0" />
      <line nr="300" mi="0" ci="4" mb="0" cb="0" />
      <line nr="301" mi="0" ci="3" mb="0" cb="0" />
      <line nr="304" mi="0" ci="1" mb="0" cb="0" />
      <line nr="305" mi="0" ci="2" mb="0" cb="0" />
      <line nr="306" mi="0" ci="2" mb="0" cb="0" />
      <line nr="307" mi="0" ci="1" mb="0" cb="0" />
      <line nr="308" mi="0" ci="1" mb="0" cb="0" />
      <line nr="312" mi="0" ci="1" mb="0" cb="0" />
      <line nr="313" mi="0" ci="1" mb="0" cb="0" />
      <line nr="314" mi="0" ci="3" mb="0" cb="0" />
      <line nr="315" mi="0" ci="1" mb="0" cb="0" />
      <line nr="316" mi="0" ci="1" mb="0" cb="0" />
      <line nr="317" mi="0" ci="1" mb="0" cb="0" />
      <line nr="318" mi="0" ci="2" mb="0" cb="0" />
      <line nr="320" mi="0" ci="1" mb="0" cb="0" />
      <line nr="321" mi="0" ci="2" mb="0" cb="0" />
      <line nr="332" mi="0" ci="1" mb="0" cb="0" />
      <line nr="333" mi="0" ci="1" mb="0" cb="0" />
      <line nr="335" mi="0" ci="1" mb="0" cb="0" />
      <line nr="344" mi="0" ci="1" mb="0" cb="0" />
      <line nr="345" mi="0" ci="4" mb="0" cb="0" />
      <line nr="346" mi="0" ci="1" mb="0" cb="0" />
      <line nr="347" mi="0" ci="2" mb="0" cb="0" />
      <line nr="348" mi="0" ci="2" mb="0" cb="0" />
      <line nr="356" mi="0" ci="1" mb="0" cb="0" />
      <line nr="357" mi="0" ci="3" mb="0" cb="0" />
      <line nr="359" mi="0" ci="2" mb="0" cb="0" />
      <line nr="360" mi="0" ci="2" mb="0" cb="0" />
      <line nr="361" mi="0" ci="3" mb="0" cb="0" />
      <line nr="362" mi="1" ci="0" mb="0" cb="0" />
      <line nr="377" mi="0" ci="1" mb="0" cb="0" />
      <line nr="378" mi="0" ci="1" mb="0" cb="0" />
      <line nr="379" mi="0" ci="1" mb="0" cb="0" />
      <line nr="380" mi="0" ci="1" mb="0" cb="0" />
      <line nr="382" mi="0" ci="1" mb="0" cb="0" />
      <line nr="383" mi="0" ci="1" mb="0" cb="0" />
      <line nr="384" mi="0" ci="1" mb="0" cb="0" />
      <line nr="385" mi="0" ci="1" mb="0" cb="0" />
      <line nr="388" mi="0" ci="1" mb="0" cb="0" />
      <line nr="389" mi="0" ci="3" mb="0" cb="0" />
      <line nr="390" mi="0" ci="1" mb="0" cb="0" />
      <line nr="392" mi="3" ci="0" mb="0" cb="0" />
      <line nr="393" mi="0" ci="1" mb="0" cb="0" />
      <line nr="394" mi="0" ci="1" mb="0" cb="0" />
      <line nr="401" mi="0" ci="1" mb="0" cb="0" />
      <line nr="402" mi="0" ci="2" mb="0" cb="0" />
      <line nr="403" mi="0" ci="2" mb="0" cb="0" />
      <line nr="405" mi="0" ci="3" mb="0" cb="0" />
      <line nr="406" mi="0" ci="2" mb="0" cb="0" />
      <line nr="407" mi="0" ci="1" mb="0" cb="0" />
      <line nr="408" mi="1" ci="0" mb="0" cb="0" />
      <line nr="410" mi="0" ci="2" mb="0" cb="0" />
      <line nr="412" mi="0" ci="1" mb="0" cb="0" />
      <line nr="420" mi="0" ci="1" mb="0" cb="0" />
      <line nr="421" mi="0" ci="1" mb="0" cb="0" />
      <line nr="423" mi="0" ci="1" mb="0" cb="0" />
      <line nr="424" mi="0" ci="1" mb="0" cb="0" />
      <line nr="425" mi="0" ci="1" mb="0" cb="0" />
      <line nr="427" mi="0" ci="1" mb="0" cb="0" />
      <line nr="428" mi="0" ci="1" mb="0" cb="0" />
      <line nr="429" mi="0" ci="1" mb="0" cb="0" />
      <line nr="431" mi="0" ci="1" mb="0" cb="0" />
      <line nr="432" mi="0" ci="1" mb="0" cb="0" />
      <line nr="433" mi="0" ci="1" mb="0" cb="0" />
      <line nr="434" mi="0" ci="1" mb="0" cb="0" />
      <line nr="436" mi="0" ci="1" mb="0" cb="0" />
      <line nr="437" mi="0" ci="1" mb="0" cb="0" />
      <line nr="438" mi="0" ci="1" mb="0" cb="0" />
      <line nr="439" mi="0" ci="1" mb="0" cb="0" />
      <line nr="440" mi="0" ci="1" mb="0" cb="0" />
      <line nr="441" mi="0" ci="1" mb="0" cb="0" />
      <line nr="442" mi="0" ci="1" mb="0" cb="0" />
      <line nr="443" mi="0" ci="1" mb="0" cb="0" />
      <line nr="444" mi="0" ci="3" mb="0" cb="0" />
      <line nr="445" mi="0" ci="3" mb="0" cb="0" />
      <line nr="446" mi="0" ci="1" mb="0" cb="0" />
      <line nr="447" mi="0" ci="1" mb="0" cb="0" />
      <line nr="448" mi="0" ci="1" mb="0" cb="0" />
      <line nr="450" mi="0" ci="1" mb="0" cb="0" />
      <line nr="460" mi="0" ci="1" mb="0" cb="0" />
      <line nr="461" mi="0" ci="1" mb="0" cb="0" />
      <line nr="462" mi="0" ci="1" mb="0" cb="0" />
      <line nr="464" mi="0" ci="2" mb="0" cb="0" />
      <line nr="466" mi="0" ci="1" mb="0" cb="0" />
      <line nr="467" mi="0" ci="1" mb="0" cb="0" />
      <line nr="468" mi="0" ci="2" mb="0" cb="0" />
      <line nr="469" mi="0" ci="2" mb="0" cb="0" />
      <line nr="471" mi="0" ci="1" mb="0" cb="0" />
      <line nr="472" mi="0" ci="2" mb="0" cb="0" />
      <line nr="474" mi="0" ci="1" mb="0" cb="0" />
      <line nr="475" mi="0" ci="1" mb="0" cb="0" />
      <line nr="476" mi="0" ci="2" mb="0" cb="0" />
      <line nr="477" mi="1" ci="2" mb="0" cb="0" />
      <line nr="478" mi="0" ci="1" mb="0" cb="0" />
      <line nr="479" mi="0" ci="2" mb="0" cb="0" />
      <line nr="480" mi="1" ci="3" mb="0" cb="0" />
      <line nr="481" mi="0" ci="1" mb="0" cb="0" />
      <line nr="483" mi="0" ci="1" mb="0" cb="0" />
      <line nr="484" mi="0" ci="2" mb="0" cb="0" />
      <line nr="485" mi="0" ci="1" mb="0" cb="0" />
      <line nr="486" mi="0" ci="1" mb="0" cb="0" />
      <line nr="488" mi="1" ci="0" mb="0" cb="0" />
      <line nr="489" mi="1" ci="0" mb="0" cb="0" />
      <line nr="490" mi="2" ci="0" mb="0" cb="0" />
      <line nr="494" mi="0" ci="1" mb="0" cb="0" />
      <line nr="495" mi="0" ci="1" mb="0" cb="0" />
      <line nr="496" mi="0" ci="1" mb="0" cb="0" />
      <line nr="497" mi="0" ci="3" mb="0" cb="0" />
      <line nr="498" mi="0" ci="1" mb="0" cb="0" />
      <line nr="505" mi="0" ci="1" mb="0" cb="0" />
      <line nr="506" mi="0" ci="1" mb="0" cb="0" />
      <line nr="507" mi="0" ci="1" mb="0" cb="0" />
      <line nr="509" mi="0" ci="1" mb="0" cb="0" />
      <line nr="510" mi="0" ci="1" mb="0" cb="0" />
      <line nr="511" mi="2" ci="0" mb="0" cb="0" />
      <line nr="512" mi="3" ci="0" mb="0" cb="0" />
      <line nr="513" mi="2" ci="0" mb="0" cb="0" />
      <line nr="519" mi="0" ci="2" mb="0" cb="0" />
      <line nr="520" mi="0" ci="3" mb="0" cb="0" />
      <line nr="521" mi="0" ci="1" mb="0" cb="0" />
      <line nr="522" mi="0" ci="1" mb="0" cb="0" />
      <line nr="524" mi="0" ci="1" mb="0" cb="0" />
      <line nr="525" mi="0" ci="1" mb="0" cb="0" />
      <line nr="526" mi="0" ci="1" mb="0" cb="0" />
      <line nr="527" mi="0" ci="1" mb="0" cb="0" />
      <line nr="528" mi="0" ci="5" mb="0" cb="0" />
      <line nr="529" mi="0" ci="5" mb="0" cb="0" />
      <line nr="530" mi="0" ci="1" mb="0" cb="0" />
      <line nr="531" mi="0" ci="4" mb="0" cb="0" />
      <line nr="532" mi="0" ci="1" mb="0" cb="0" />
      <line nr="533" mi="0" ci="1" mb="0" cb="0" />
      <line nr="534" mi="0" ci="2" mb="0" cb="0" />
      <line nr="539" mi="0" ci="1" mb="0" cb="0" />
      <line nr="553" mi="0" ci="1" mb="0" cb="0" />
      <line nr="554" mi="0" ci="2" mb="0" cb="0" />
      <line nr="555" mi="0" ci="2" mb="0" cb="0" />
      <line nr="557" mi="0" ci="1" mb="0" cb="0" />
      <line nr="558" mi="0" ci="1" mb="0" cb="0" />
      <line nr="559" mi="0" ci="1" mb="0" cb="0" />
      <line nr="560" mi="0" ci="1" mb="0" cb="0" />
      <line nr="561" mi="0" ci="1" mb="0" cb="0" />
      <line nr="562" mi="0" ci="1" mb="0" cb="0" />
      <line nr="564" mi="0" ci="3" mb="0" cb="0" />
      <line nr="565" mi="0" ci="1" mb="0" cb="0" />
      <line nr="582" mi="0" ci="2" mb="0" cb="0" />
      <line nr="590" mi="0" ci="1" mb="0" cb="0" />
      <line nr="591" mi="0" ci="1" mb="0" cb="0" />
      <line nr="593" mi="0" ci="1" mb="0" cb="0" />
      <line nr="594" mi="0" ci="1" mb="0" cb="0" />
      <line nr="595" mi="0" ci="1" mb="0" cb="0" />
      <line nr="596" mi="0" ci="1" mb="0" cb="0" />
      <line nr="597" mi="0" ci="1" mb="0" cb="0" />
      <line nr="599" mi="0" ci="2" mb="0" cb="0" />
      <line nr="604" mi="0" ci="1" mb="0" cb="0" />
      <counter type="INSTRUCTION" missed="52" covered="396" />
      <counter type="LINE" missed="24" covered="268" />
      <counter type="METHOD" missed="0" covered="22" />
      <counter type="CLASS" missed="0" covered="1" />
    </sourcefile>
    <counter type="INSTRUCTION" missed="52" covered="396" />
    <counter type="LINE" missed="24" covered="268" />
    <counter type="METHOD" missed="0" covered="22" />
    <counter type="CLASS" missed="0" covered="1" />
  </package>
  <counter type="INSTRUCTION" missed="52" covered="396" />
  <counter type="LINE" missed="24" covered="268" />
  <counter type="METHOD" missed="0" covered="22" />
  <counter type="CLASS" missed="0" covered="1" />
</report>
